Analysis & Elaboration report for cpu_pipeline
Sat Jun 25 01:02:26 2022
Quartus Prime Version 20.1.1 Build 720 11/11/2020 SJ Lite Edition


---------------------
; Table of Contents ;
---------------------
  1. Legal Notice
  2. Analysis & Elaboration Summary
  3. Parallel Compilation
  4. Analysis & Elaboration Settings
  5. Analysis & Elaboration Messages



----------------
; Legal Notice ;
----------------
Copyright (C) 2020  Intel Corporation. All rights reserved.
Your use of Intel Corporation's design tools, logic functions 
and other software and tools, and any partner logic 
functions, and any output files from any of the foregoing 
(including device programming or simulation files), and any 
associated documentation or information are expressly subject 
to the terms and conditions of the Intel Program License 
Subscription Agreement, the Intel Quartus Prime License Agreement,
the Intel FPGA IP License Agreement, or other applicable license
agreement, including, without limitation, that your use is for
the sole purpose of programming logic devices manufactured by
Intel and sold by Intel or its authorized distributors.  Please
refer to the applicable agreement for further details, at
https://fpgasoftware.intel.com/eula.



+----------------------------------------------------------------------------------+
; Analysis & Elaboration Summary                                                   ;
+------------------------------------+---------------------------------------------+
; Analysis & Elaboration Status      ; Failed - Sat Jun 25 01:02:26 2022           ;
; Quartus Prime Version              ; 20.1.1 Build 720 11/11/2020 SJ Lite Edition ;
; Revision Name                      ; cpu_pipeline                                ;
; Top-level Entity Name              ; cpu                                         ;
; Family                             ; Cyclone IV E                                ;
; Total logic elements               ; N/A until Partition Merge                   ;
;     Total combinational functions  ; N/A until Partition Merge                   ;
;     Dedicated logic registers      ; N/A until Partition Merge                   ;
; Total registers                    ; N/A until Partition Merge                   ;
; Total pins                         ; N/A until Partition Merge                   ;
; Total virtual pins                 ; N/A until Partition Merge                   ;
; Total memory bits                  ; N/A until Partition Merge                   ;
; Embedded Multiplier 9-bit elements ; N/A until Partition Merge                   ;
; Total PLLs                         ; N/A until Partition Merge                   ;
+------------------------------------+---------------------------------------------+


+------------------------------------------+
; Parallel Compilation                     ;
+----------------------------+-------------+
; Processors                 ; Number      ;
+----------------------------+-------------+
; Number detected on machine ; 2           ;
; Maximum allowed            ; 2           ;
;                            ;             ;
; Average used               ; 1.00        ;
; Maximum used               ; 1           ;
;                            ;             ;
; Usage by Processor         ; % Time Used ;
;     Processor 1            ; 100.0%      ;
+----------------------------+-------------+


+------------------------------------------------------------------------------------------------------------+
; Analysis & Elaboration Settings                                                                            ;
+------------------------------------------------------------------+--------------------+--------------------+
; Option                                                           ; Setting            ; Default Value      ;
+------------------------------------------------------------------+--------------------+--------------------+
; Device                                                           ; EP4CE6E22C8        ;                    ;
; Top-level entity name                                            ; cpu                ; cpu_pipeline       ;
; Family name                                                      ; Cyclone IV E       ; Cyclone V          ;
; Use smart compilation                                            ; Off                ; Off                ;
; Enable parallel Assembler and Timing Analyzer during compilation ; On                 ; On                 ;
; Enable compact report table                                      ; Off                ; Off                ;
; Restructure Multiplexers                                         ; Auto               ; Auto               ;
; Create Debugging Nodes for IP Cores                              ; Off                ; Off                ;
; Preserve fewer node names                                        ; On                 ; On                 ;
; Intel FPGA IP Evaluation Mode                                    ; Enable             ; Enable             ;
; Verilog Version                                                  ; Verilog_2001       ; Verilog_2001       ;
; VHDL Version                                                     ; VHDL_1993          ; VHDL_1993          ;
; State Machine Processing                                         ; Auto               ; Auto               ;
; Safe State Machine                                               ; Off                ; Off                ;
; Extract Verilog State Machines                                   ; On                 ; On                 ;
; Extract VHDL State Machines                                      ; On                 ; On                 ;
; Ignore Verilog initial constructs                                ; Off                ; Off                ;
; Iteration limit for constant Verilog loops                       ; 5000               ; 5000               ;
; Iteration limit for non-constant Verilog loops                   ; 250                ; 250                ;
; Add Pass-Through Logic to Inferred RAMs                          ; On                 ; On                 ;
; Infer RAMs from Raw Logic                                        ; On                 ; On                 ;
; Parallel Synthesis                                               ; On                 ; On                 ;
; DSP Block Balancing                                              ; Auto               ; Auto               ;
; NOT Gate Push-Back                                               ; On                 ; On                 ;
; Power-Up Don't Care                                              ; On                 ; On                 ;
; Remove Redundant Logic Cells                                     ; Off                ; Off                ;
; Remove Duplicate Registers                                       ; On                 ; On                 ;
; Ignore CARRY Buffers                                             ; Off                ; Off                ;
; Ignore CASCADE Buffers                                           ; Off                ; Off                ;
; Ignore GLOBAL Buffers                                            ; Off                ; Off                ;
; Ignore ROW GLOBAL Buffers                                        ; Off                ; Off                ;
; Ignore LCELL Buffers                                             ; Off                ; Off                ;
; Ignore SOFT Buffers                                              ; On                 ; On                 ;
; Limit AHDL Integers to 32 Bits                                   ; Off                ; Off                ;
; Optimization Technique                                           ; Balanced           ; Balanced           ;
; Carry Chain Length                                               ; 70                 ; 70                 ;
; Auto Carry Chains                                                ; On                 ; On                 ;
; Auto Open-Drain Pins                                             ; On                 ; On                 ;
; Perform WYSIWYG Primitive Resynthesis                            ; Off                ; Off                ;
; Auto ROM Replacement                                             ; On                 ; On                 ;
; Auto RAM Replacement                                             ; On                 ; On                 ;
; Auto DSP Block Replacement                                       ; On                 ; On                 ;
; Auto Shift Register Replacement                                  ; Auto               ; Auto               ;
; Allow Shift Register Merging across Hierarchies                  ; Auto               ; Auto               ;
; Auto Clock Enable Replacement                                    ; On                 ; On                 ;
; Strict RAM Replacement                                           ; Off                ; Off                ;
; Allow Synchronous Control Signals                                ; On                 ; On                 ;
; Force Use of Synchronous Clear Signals                           ; Off                ; Off                ;
; Auto RAM Block Balancing                                         ; On                 ; On                 ;
; Auto RAM to Logic Cell Conversion                                ; Off                ; Off                ;
; Auto Resource Sharing                                            ; Off                ; Off                ;
; Allow Any RAM Size For Recognition                               ; Off                ; Off                ;
; Allow Any ROM Size For Recognition                               ; Off                ; Off                ;
; Allow Any Shift Register Size For Recognition                    ; Off                ; Off                ;
; Use LogicLock Constraints during Resource Balancing              ; On                 ; On                 ;
; Ignore translate_off and synthesis_off directives                ; Off                ; Off                ;
; Timing-Driven Synthesis                                          ; On                 ; On                 ;
; Report Parameter Settings                                        ; On                 ; On                 ;
; Report Source Assignments                                        ; On                 ; On                 ;
; Report Connectivity Checks                                       ; On                 ; On                 ;
; Ignore Maximum Fan-Out Assignments                               ; Off                ; Off                ;
; Synchronization Register Chain Length                            ; 2                  ; 2                  ;
; Power Optimization During Synthesis                              ; Normal compilation ; Normal compilation ;
; HDL message level                                                ; Level2             ; Level2             ;
; Suppress Register Optimization Related Messages                  ; Off                ; Off                ;
; Number of Removed Registers Reported in Synthesis Report         ; 5000               ; 5000               ;
; Number of Swept Nodes Reported in Synthesis Report               ; 5000               ; 5000               ;
; Number of Inverted Registers Reported in Synthesis Report        ; 100                ; 100                ;
; Clock MUX Protection                                             ; On                 ; On                 ;
; Auto Gated Clock Conversion                                      ; Off                ; Off                ;
; Block Design Naming                                              ; Auto               ; Auto               ;
; SDC constraint protection                                        ; Off                ; Off                ;
; Synthesis Effort                                                 ; Auto               ; Auto               ;
; Shift Register Replacement - Allow Asynchronous Clear Signal     ; On                 ; On                 ;
; Pre-Mapping Resynthesis Optimization                             ; Off                ; Off                ;
; Analysis & Synthesis Message Level                               ; Medium             ; Medium             ;
; Disable Register Merging Across Hierarchies                      ; Auto               ; Auto               ;
; Resource Aware Inference For Block RAM                           ; On                 ; On                 ;
+------------------------------------------------------------------+--------------------+--------------------+


+---------------------------------+
; Analysis & Elaboration Messages ;
+---------------------------------+
Info: *******************************************************************
Info: Running Quartus Prime Analysis & Elaboration
    Info: Version 20.1.1 Build 720 11/11/2020 SJ Lite Edition
    Info: Processing started: Sat Jun 25 01:02:12 2022
Info: Command: quartus_map --read_settings_files=on --write_settings_files=off cpu_pipeline -c cpu_pipeline --analysis_and_elaboration
Warning (18236): Number of processors has not been specified which may cause overloading on shared machines.  Set the global assignment NUM_PARALLEL_PROCESSORS in your QSF to an appropriate value for best performance.
Info (20030): Parallel compilation is enabled and will use 2 of the 2 processors detected
Info (12021): Found 2 design units, including 1 entities, in source file registrador.vhd
    Info (12022): Found design unit 1: registrador-registrador_arch File: C:/Users/iagoj/OneDrive/Documents/arq/registrador.vhd Line: 10
    Info (12023): Found entity 1: registrador File: C:/Users/iagoj/OneDrive/Documents/arq/registrador.vhd Line: 1
Info (12021): Found 2 design units, including 1 entities, in source file write_back.vhd
    Info (12022): Found design unit 1: write_back-write_back_arch File: C:/Users/iagoj/OneDrive/Documents/arq/write_back.vhd Line: 20
    Info (12023): Found entity 1: write_back File: C:/Users/iagoj/OneDrive/Documents/arq/write_back.vhd Line: 1
Info (12021): Found 2 design units, including 1 entities, in source file ula.vhd
    Info (12022): Found design unit 1: ula-ula_arch File: C:/Users/iagoj/OneDrive/Documents/arq/ula.vhd Line: 16
    Info (12023): Found entity 1: ula File: C:/Users/iagoj/OneDrive/Documents/arq/ula.vhd Line: 5
Info (12021): Found 2 design units, including 1 entities, in source file sign_extensor.vhd
    Info (12022): Found design unit 1: sign_extensor-sign_extensor_arch File: C:/Users/iagoj/OneDrive/Documents/arq/sign_extensor.vhd Line: 10
    Info (12023): Found entity 1: sign_extensor File: C:/Users/iagoj/OneDrive/Documents/arq/sign_extensor.vhd Line: 1
Info (12021): Found 2 design units, including 1 entities, in source file rom.vhd
    Info (12022): Found design unit 1: rom-behavioral File: C:/Users/iagoj/OneDrive/Documents/arq/rom.vhd Line: 7
    Info (12023): Found entity 1: rom File: C:/Users/iagoj/OneDrive/Documents/arq/rom.vhd Line: 1
Info (12021): Found 2 design units, including 1 entities, in source file mux2x1.vhd
    Info (12022): Found design unit 1: mux2x1-mux2x1_arch File: C:/Users/iagoj/OneDrive/Documents/arq/mux2x1.vhd Line: 11
    Info (12023): Found entity 1: mux2x1 File: C:/Users/iagoj/OneDrive/Documents/arq/mux2x1.vhd Line: 1
Info (12021): Found 2 design units, including 1 entities, in source file executor.vhd
    Info (12022): Found design unit 1: executor-executor_arch File: C:/Users/iagoj/OneDrive/Documents/arq/executor.vhd Line: 41
    Info (12023): Found entity 1: executor File: C:/Users/iagoj/OneDrive/Documents/arq/executor.vhd Line: 6
Info (12021): Found 2 design units, including 1 entities, in source file decoder.vhd
    Info (12022): Found design unit 1: decoder-decoder_arch File: C:/Users/iagoj/OneDrive/Documents/arq/decoder.vhd Line: 21
    Info (12023): Found entity 1: decoder File: C:/Users/iagoj/OneDrive/Documents/arq/decoder.vhd Line: 1
Info (12021): Found 2 design units, including 1 entities, in source file data_mem.vhd
    Info (12022): Found design unit 1: data_mem-data_mem_arch File: C:/Users/iagoj/OneDrive/Documents/arq/data_mem.vhd Line: 28
    Info (12023): Found entity 1: data_mem File: C:/Users/iagoj/OneDrive/Documents/arq/data_mem.vhd Line: 5
Info (12021): Found 2 design units, including 1 entities, in source file control.vhd
    Info (12022): Found design unit 1: control-control_arch File: C:/Users/iagoj/OneDrive/Documents/arq/control.vhd Line: 24
    Info (12023): Found entity 1: control File: C:/Users/iagoj/OneDrive/Documents/arq/control.vhd Line: 5
Info (12021): Found 2 design units, including 1 entities, in source file banco_registradores.vhd
    Info (12022): Found design unit 1: banco_registradores-banco_registradores_arch File: C:/Users/iagoj/OneDrive/Documents/arq/banco_registradores.vhd Line: 15
    Info (12023): Found entity 1: banco_registradores File: C:/Users/iagoj/OneDrive/Documents/arq/banco_registradores.vhd Line: 1
Info (12021): Found 2 design units, including 1 entities, in source file cpu.vhd
    Info (12022): Found design unit 1: CPU-CPU_ARCH File: C:/Users/iagoj/OneDrive/Documents/arq/cpu.vhd Line: 14
    Info (12023): Found entity 1: CPU File: C:/Users/iagoj/OneDrive/Documents/arq/cpu.vhd Line: 6
Info (12021): Found 2 design units, including 1 entities, in source file memory.vhd
    Info (12022): Found design unit 1: memory-memory_arch File: C:/Users/iagoj/OneDrive/Documents/arq/memory.vhd Line: 16
    Info (12023): Found entity 1: memory File: C:/Users/iagoj/OneDrive/Documents/arq/memory.vhd Line: 5
Info (12127): Elaborating entity "cpu" for the top level hierarchy
Warning (10036): Verilog HDL or VHDL warning at cpu.vhd(184): object "rom_instruction_out" assigned a value but never read File: C:/Users/iagoj/OneDrive/Documents/arq/cpu.vhd Line: 184
Warning (10541): VHDL Signal Declaration warning at cpu.vhd(202): used implicit default value for signal "exec_branch_op_out" because signal was never assigned a value or an explicit default value. Use of implicit default value may introduce unintended design optimizations. File: C:/Users/iagoj/OneDrive/Documents/arq/cpu.vhd Line: 202
Warning (10541): VHDL Signal Declaration warning at cpu.vhd(203): used implicit default value for signal "exec_branch_result" because signal was never assigned a value or an explicit default value. Use of implicit default value may introduce unintended design optimizations. File: C:/Users/iagoj/OneDrive/Documents/arq/cpu.vhd Line: 203
Error (10344): VHDL expression error at cpu.vhd(246): expression has 32 elements, but must have 4 elements File: C:/Users/iagoj/OneDrive/Documents/arq/cpu.vhd Line: 246
Error (10346): VHDL error at cpu.vhd(246): formal port or parameter "address" must have actual or default value File: C:/Users/iagoj/OneDrive/Documents/arq/cpu.vhd Line: 246
Error (12153): Can't elaborate top-level user hierarchy
Error: Quartus Prime Analysis & Elaboration was unsuccessful. 3 errors, 4 warnings
    Error: Peak virtual memory: 4761 megabytes
    Error: Processing ended: Sat Jun 25 01:02:26 2022
    Error: Elapsed time: 00:00:14
    Error: Total CPU time (on all processors): 00:00:21


